<?xml version="1.0" encoding="UTF-8"?>
<!-- Generated by org.testng.reporters.JUnitReportReporter -->
<testsuite skipped="6" hostname="TSMMICDEVTEST" name="MMTestCase.SmokeTestCasesUpdated" tests="26" failures="3" timestamp="18 Sep 2018 17:33:01 GMT" time="8657.660" errors="2">
  <testcase name="TC42239" time="146.150" classname="MMTestCase.SmokeTestCasesUpdated"/>
  <testcase name="TC42253" time="498.718" classname="MMTestCase.SmokeTestCasesUpdated"/>
  <testcase name="TC42404" time="178.364" classname="MMTestCase.SmokeTestCasesUpdated"/>
  <testcase name="TC42249" time="1097.004" classname="MMTestCase.SmokeTestCasesUpdated"/>
  <testcase name="TC42238" time="378.668" classname="MMTestCase.SmokeTestCasesUpdated"/>
  <testcase name="TC42242" time="459.841" classname="MMTestCase.SmokeTestCasesUpdated"/>
  <testcase name="TC42665" time="256.623" classname="MMTestCase.SmokeTestCasesUpdated"/>
  <testcase name="TC42250" time="637.227" classname="MMTestCase.SmokeTestCasesUpdated"/>
  <testcase name="TC42250" time="321.638" classname="MMTestCase.SmokeTestCasesUpdated">
    <skipped/>
  </testcase> <!-- TC42250 -->
  <testcase name="TC42248" time="377.801" classname="MMTestCase.SmokeTestCasesUpdated">
    <skipped/>
  </testcase> <!-- TC42248 -->
  <testcase name="TC42248" time="385.278" classname="MMTestCase.SmokeTestCasesUpdated">
    <failure type="java.lang.AssertionError" message="Failed to click on Proxy element for: DefaultElementLocator &#039;By.id: PM_TAIL_CLOSE&#039; expected [true] but found [false]">
      <![CDATA[java.lang.AssertionError: Failed to click on Proxy element for: DefaultElementLocator 'By.id: PM_TAIL_CLOSE' expected [true] but found [false]
at org.testng.Assert.fail(Assert.java:96)
at org.testng.Assert.failNotEquals(Assert.java:776)
at org.testng.Assert.assertTrue(Assert.java:44)
at com.mm.utils.CommonAction.clickButton(CommonAction.java:199)
at com.mm.pages.FinancePage.selectCancelFromPolicyActionDDL(FinancePage.java:837)
at MMTestCase.SmokeTestCasesUpdated.TC42248(SmokeTestCasesUpdated.java:296)
at sun.reflect.NativeMethodAccessorImpl.invoke0(Native Method)
at sun.reflect.NativeMethodAccessorImpl.invoke(Unknown Source)
at sun.reflect.DelegatingMethodAccessorImpl.invoke(Unknown Source)
at java.lang.reflect.Method.invoke(Unknown Source)
at org.testng.internal.MethodInvocationHelper.invokeMethod(MethodInvocationHelper.java:124)
at org.testng.internal.Invoker.invokeMethod(Invoker.java:580)
at org.testng.internal.Invoker.retryFailed(Invoker.java:838)
at org.testng.internal.Invoker.invokeTestMethods(Invoker.java:1009)
at org.testng.internal.TestMethodWorker.invokeTestMethods(TestMethodWorker.java:125)
at org.testng.internal.TestMethodWorker.run(TestMethodWorker.java:109)
at java.util.concurrent.ThreadPoolExecutor.runWorker(Unknown Source)
at java.util.concurrent.ThreadPoolExecutor$Worker.run(Unknown Source)
at java.lang.Thread.run(Unknown Source)
]]>
    </failure>
  </testcase> <!-- TC42248 -->
  <testcase name="TC42666" time="195.515" classname="MMTestCase.SmokeTestCasesUpdated"/>
  <testcase name="TC42405" time="77.651" classname="MMTestCase.SmokeTestCasesUpdated">
    <error type="org.openqa.selenium.NoAlertPresentException" message="No alert is active
Build info: version: &#039;3.10.0&#039;, revision: &#039;176b4a9&#039;, time: &#039;2018-03-02T19:03:16.397Z&#039;
System info: host: &#039;TSMMICDEVTEST&#039;, ip: &#039;172.18.1.187&#039;, os.name: &#039;Windows Server 2008 R2&#039;, os.arch: &#039;amd64&#039;, os.version: &#039;6.1&#039;, java.version: &#039;1.8.0_181&#039;
Driver info: org.openqa.selenium.ie.InternetExplorerDriver
Capabilities {acceptInsecureCerts: false, browserName: internet explorer, browserVersion: 11, javascriptEnabled: true, pageLoadStrategy: normal, platform: WINDOWS, platformName: WINDOWS, proxy: Proxy(), se:ieOptions: {browserAttachTimeout: 0, elementScrollBehavior: 0, enablePersistentHover: true, ie.browserCommandLineSwitches: , ie.ensureCleanSession: false, ie.fileUploadDialogTimeout: 3000, ie.forceCreateProcessApi: false, ignoreProtectedModeSettings: false, ignoreZoomSetting: true, initialBrowserUrl: http://localhost:35942/, nativeEvents: true, requireWindowFocus: false}, setWindowRect: true, timeouts: {implicit: 0, pageLoad: 300000, script: 30000}}
Session ID: 64d4872f-ab64-4937-94dd-99dd9c078325">
      <![CDATA[org.openqa.selenium.NoAlertPresentException: No alert is active
Build info: version: '3.10.0', revision: '176b4a9', time: '2018-03-02T19:03:16.397Z'
System info: host: 'TSMMICDEVTEST', ip: '172.18.1.187', os.name: 'Windows Server 2008 R2', os.arch: 'amd64', os.version: '6.1', java.version: '1.8.0_181'
Driver info: org.openqa.selenium.ie.InternetExplorerDriver
Capabilities {acceptInsecureCerts: false, browserName: internet explorer, browserVersion: 11, javascriptEnabled: true, pageLoadStrategy: normal, platform: WINDOWS, platformName: WINDOWS, proxy: Proxy(), se:ieOptions: {browserAttachTimeout: 0, elementScrollBehavior: 0, enablePersistentHover: true, ie.browserCommandLineSwitches: , ie.ensureCleanSession: false, ie.fileUploadDialogTimeout: 3000, ie.forceCreateProcessApi: false, ignoreProtectedModeSettings: false, ignoreZoomSetting: true, initialBrowserUrl: http://localhost:35942/, nativeEvents: true, requireWindowFocus: false}, setWindowRect: true, timeouts: {implicit: 0, pageLoad: 300000, script: 30000}}
Session ID: 64d4872f-ab64-4937-94dd-99dd9c078325
at sun.reflect.NativeConstructorAccessorImpl.newInstance0(Native Method)
at sun.reflect.NativeConstructorAccessorImpl.newInstance(Unknown Source)
at sun.reflect.DelegatingConstructorAccessorImpl.newInstance(Unknown Source)
at java.lang.reflect.Constructor.newInstance(Unknown Source)
at org.openqa.selenium.remote.http.W3CHttpResponseCodec.createException(W3CHttpResponseCodec.java:187)
at org.openqa.selenium.remote.http.W3CHttpResponseCodec.decode(W3CHttpResponseCodec.java:122)
at org.openqa.selenium.remote.http.W3CHttpResponseCodec.decode(W3CHttpResponseCodec.java:49)
at org.openqa.selenium.remote.HttpCommandExecutor.execute(HttpCommandExecutor.java:160)
at org.openqa.selenium.remote.service.DriverCommandExecutor.execute(DriverCommandExecutor.java:83)
at org.openqa.selenium.remote.RemoteWebDriver.execute(RemoteWebDriver.java:601)
at org.openqa.selenium.remote.RemoteWebDriver.execute(RemoteWebDriver.java:658)
at org.openqa.selenium.remote.RemoteWebDriver$RemoteTargetLocator.alert(RemoteWebDriver.java:987)
at com.mm.utils.CommonAction.acceptAlert(CommonAction.java:466)
at com.mm.pages.ClaimsPage.statusChange(ClaimsPage.java:520)
at MMTestCase.SmokeTestCasesUpdated.TC42405(SmokeTestCasesUpdated.java:328)
at sun.reflect.NativeMethodAccessorImpl.invoke0(Native Method)
at sun.reflect.NativeMethodAccessorImpl.invoke(Unknown Source)
at sun.reflect.DelegatingMethodAccessorImpl.invoke(Unknown Source)
at java.lang.reflect.Method.invoke(Unknown Source)
at org.testng.internal.MethodInvocationHelper.invokeMethod(MethodInvocationHelper.java:124)
at org.testng.internal.Invoker.invokeMethod(Invoker.java:580)
at org.testng.internal.Invoker.retryFailed(Invoker.java:838)
at org.testng.internal.Invoker.invokeTestMethods(Invoker.java:1009)
at org.testng.internal.TestMethodWorker.invokeTestMethods(TestMethodWorker.java:125)
at org.testng.internal.TestMethodWorker.run(TestMethodWorker.java:109)
at java.util.concurrent.ThreadPoolExecutor.runWorker(Unknown Source)
at java.util.concurrent.ThreadPoolExecutor$Worker.run(Unknown Source)
at java.lang.Thread.run(Unknown Source)
]]>
    </error>
  </testcase> <!-- TC42405 -->
  <testcase name="TC42405" time="83.868" classname="MMTestCase.SmokeTestCasesUpdated">
    <skipped/>
  </testcase> <!-- TC42405 -->
  <testcase name="TC42252" time="459.218" classname="MMTestCase.SmokeTestCasesUpdated"/>
  <testcase name="TC42399" time="253.799" classname="MMTestCase.SmokeTestCasesUpdated">
    <skipped/>
  </testcase> <!-- TC42399 -->
  <testcase name="TC42399" time="126.516" classname="MMTestCase.SmokeTestCasesUpdated">
    <error type="org.openqa.selenium.NoSuchElementException" message="Unable to find element with xpath == //iframe[contains(@src,&#039;policyNo=3500006&#039;)]
For documentation on this error, please visit: http://seleniumhq.org/exceptions/no_such_element.html
Build info: version: &#039;3.10.0&#039;, revision: &#039;176b4a9&#039;, time: &#039;2018-03-02T19:03:16.397Z&#039;
System info: host: &#039;TSMMICDEVTEST&#039;, ip: &#039;172.18.1.187&#039;, os.name: &#039;Windows Server 2008 R2&#039;, os.arch: &#039;amd64&#039;, os.version: &#039;6.1&#039;, java.version: &#039;1.8.0_181&#039;
Driver info: org.openqa.selenium.ie.InternetExplorerDriver
Capabilities {acceptInsecureCerts: false, browserName: internet explorer, browserVersion: 11, javascriptEnabled: true, pageLoadStrategy: normal, platform: WINDOWS, platformName: WINDOWS, proxy: Proxy(), se:ieOptions: {browserAttachTimeout: 0, elementScrollBehavior: 0, enablePersistentHover: true, ie.browserCommandLineSwitches: , ie.ensureCleanSession: false, ie.fileUploadDialogTimeout: 3000, ie.forceCreateProcessApi: false, ignoreProtectedModeSettings: false, ignoreZoomSetting: true, initialBrowserUrl: http://localhost:11623/, nativeEvents: true, requireWindowFocus: false}, setWindowRect: true, timeouts: {implicit: 0, pageLoad: 300000, script: 30000}}
Session ID: 7b5f7dee-e4db-497d-8af8-194d598f59de
*** Element info: {Using=xpath, value=//iframe[contains(@src,&#039;policyNo=3500006&#039;)]}">
      <![CDATA[org.openqa.selenium.NoSuchElementException: Unable to find element with xpath == //iframe[contains(@src,'policyNo=3500006')]
For documentation on this error, please visit: http://seleniumhq.org/exceptions/no_such_element.html
Build info: version: '3.10.0', revision: '176b4a9', time: '2018-03-02T19:03:16.397Z'
System info: host: 'TSMMICDEVTEST', ip: '172.18.1.187', os.name: 'Windows Server 2008 R2', os.arch: 'amd64', os.version: '6.1', java.version: '1.8.0_181'
Driver info: org.openqa.selenium.ie.InternetExplorerDriver
Capabilities {acceptInsecureCerts: false, browserName: internet explorer, browserVersion: 11, javascriptEnabled: true, pageLoadStrategy: normal, platform: WINDOWS, platformName: WINDOWS, proxy: Proxy(), se:ieOptions: {browserAttachTimeout: 0, elementScrollBehavior: 0, enablePersistentHover: true, ie.browserCommandLineSwitches: , ie.ensureCleanSession: false, ie.fileUploadDialogTimeout: 3000, ie.forceCreateProcessApi: false, ignoreProtectedModeSettings: false, ignoreZoomSetting: true, initialBrowserUrl: http://localhost:11623/, nativeEvents: true, requireWindowFocus: false}, setWindowRect: true, timeouts: {implicit: 0, pageLoad: 300000, script: 30000}}
Session ID: 7b5f7dee-e4db-497d-8af8-194d598f59de
*** Element info: {Using=xpath, value=//iframe[contains(@src,'policyNo=3500006')]}
at sun.reflect.GeneratedConstructorAccessor46.newInstance(Unknown Source)
at sun.reflect.DelegatingConstructorAccessorImpl.newInstance(Unknown Source)
at java.lang.reflect.Constructor.newInstance(Unknown Source)
at org.openqa.selenium.remote.http.W3CHttpResponseCodec.createException(W3CHttpResponseCodec.java:187)
at org.openqa.selenium.remote.http.W3CHttpResponseCodec.decode(W3CHttpResponseCodec.java:122)
at org.openqa.selenium.remote.http.W3CHttpResponseCodec.decode(W3CHttpResponseCodec.java:49)
at org.openqa.selenium.remote.HttpCommandExecutor.execute(HttpCommandExecutor.java:160)
at org.openqa.selenium.remote.service.DriverCommandExecutor.execute(DriverCommandExecutor.java:83)
at org.openqa.selenium.remote.RemoteWebDriver.execute(RemoteWebDriver.java:601)
at org.openqa.selenium.remote.RemoteWebDriver.findElement(RemoteWebDriver.java:371)
at org.openqa.selenium.remote.RemoteWebDriver.findElementByXPath(RemoteWebDriver.java:473)
at org.openqa.selenium.By$ByXPath.findElement(By.java:361)
at org.openqa.selenium.remote.RemoteWebDriver.findElement(RemoteWebDriver.java:363)
at com.mm.pages.PolicyBinderPage.copyToQuoteFromActionDropDownwithoutBackUpPolicy(PolicyBinderPage.java:376)
at com.mm.pages.RateApolicyPage.searchBackUpPolicy(RateApolicyPage.java:440)
at com.mm.pages.PolicyBinderPage.endorsementFromActionDropDown(PolicyBinderPage.java:299)
at com.mm.pages.RateApolicyPage.checkPolicyViewModeAndUpdateCoverage(RateApolicyPage.java:315)
at MMTestCase.SmokeTestCasesUpdated.TC42399(SmokeTestCasesUpdated.java:349)
at sun.reflect.NativeMethodAccessorImpl.invoke0(Native Method)
at sun.reflect.NativeMethodAccessorImpl.invoke(Unknown Source)
at sun.reflect.DelegatingMethodAccessorImpl.invoke(Unknown Source)
at java.lang.reflect.Method.invoke(Unknown Source)
at org.testng.internal.MethodInvocationHelper.invokeMethod(MethodInvocationHelper.java:124)
at org.testng.internal.Invoker.invokeMethod(Invoker.java:580)
at org.testng.internal.Invoker.retryFailed(Invoker.java:838)
at org.testng.internal.Invoker.invokeTestMethods(Invoker.java:1009)
at org.testng.internal.TestMethodWorker.invokeTestMethods(TestMethodWorker.java:125)
at org.testng.internal.TestMethodWorker.run(TestMethodWorker.java:109)
at java.util.concurrent.ThreadPoolExecutor.runWorker(Unknown Source)
at java.util.concurrent.ThreadPoolExecutor$Worker.run(Unknown Source)
at java.lang.Thread.run(Unknown Source)
]]>
    </error>
  </testcase> <!-- TC42399 -->
  <testcase name="TC42247" time="179.472" classname="MMTestCase.SmokeTestCasesUpdated">
    <skipped/>
  </testcase> <!-- TC42247 -->
  <testcase name="TC42247" time="318.021" classname="MMTestCase.SmokeTestCasesUpdated">
    <failure type="java.lang.AssertionError" message="Failed to click on [[InternetExplorerDriver: internet explorer on WINDOWS (9a28685e-55db-4838-8c06-b44eeb5e3755)] -&gt; id: PM_MANU_ADD] expected [true] but found [false]">
      <![CDATA[java.lang.AssertionError: Failed to click on [[InternetExplorerDriver: internet explorer on WINDOWS (9a28685e-55db-4838-8c06-b44eeb5e3755)] -> id: PM_MANU_ADD] expected [true] but found [false]
at org.testng.Assert.fail(Assert.java:96)
at org.testng.Assert.failNotEquals(Assert.java:776)
at org.testng.Assert.assertTrue(Assert.java:44)
at com.mm.utils.CommonAction.clickButton(CommonAction.java:199)
at com.mm.pages.CincomPage.cincomFlow(CincomPage.java:124)
at MMTestCase.SmokeTestCasesUpdated.TC42247(SmokeTestCasesUpdated.java:366)
at sun.reflect.NativeMethodAccessorImpl.invoke0(Native Method)
at sun.reflect.NativeMethodAccessorImpl.invoke(Unknown Source)
at sun.reflect.DelegatingMethodAccessorImpl.invoke(Unknown Source)
at java.lang.reflect.Method.invoke(Unknown Source)
at org.testng.internal.MethodInvocationHelper.invokeMethod(MethodInvocationHelper.java:124)
at org.testng.internal.Invoker.invokeMethod(Invoker.java:580)
at org.testng.internal.Invoker.retryFailed(Invoker.java:838)
at org.testng.internal.Invoker.invokeTestMethods(Invoker.java:1009)
at org.testng.internal.TestMethodWorker.invokeTestMethods(TestMethodWorker.java:125)
at org.testng.internal.TestMethodWorker.run(TestMethodWorker.java:109)
at java.util.concurrent.ThreadPoolExecutor.runWorker(Unknown Source)
at java.util.concurrent.ThreadPoolExecutor$Worker.run(Unknown Source)
at java.lang.Thread.run(Unknown Source)
]]>
    </failure>
  </testcase> <!-- TC42247 -->
  <testcase name="TC42240" time="276.319" classname="MMTestCase.SmokeTestCasesUpdated"/>
  <testcase name="TC42245" time="786.061" classname="MMTestCase.SmokeTestCasesUpdated"/>
  <testcase name="TC42243" time="73.258" classname="MMTestCase.SmokeTestCasesUpdated"/>
  <testcase name="TC42246" time="606.574" classname="MMTestCase.SmokeTestCasesUpdated">
    <skipped/>
  </testcase> <!-- TC42246 -->
  <testcase name="TC42246" time="319.300" classname="MMTestCase.SmokeTestCasesUpdated">
    <failure type="java.lang.AssertionError" message="No value is selected from Policy Action drop down list expected [true] but found [false]">
      <![CDATA[java.lang.AssertionError: No value is selected from Policy Action drop down list expected [true] but found [false]
at org.testng.Assert.fail(Assert.java:96)
at org.testng.Assert.failNotEquals(Assert.java:776)
at org.testng.Assert.assertTrue(Assert.java:44)
at com.mm.utils.CommonAction.selectDropdownByVisibleText(CommonAction.java:415)
at com.mm.pages.FinancePage.policyEndorsementWithDate(FinancePage.java:593)
at MMTestCase.SmokeTestCasesUpdated.TC42246(SmokeTestCasesUpdated.java:453)
at sun.reflect.NativeMethodAccessorImpl.invoke0(Native Method)
at sun.reflect.NativeMethodAccessorImpl.invoke(Unknown Source)
at sun.reflect.DelegatingMethodAccessorImpl.invoke(Unknown Source)
at java.lang.reflect.Method.invoke(Unknown Source)
at org.testng.internal.MethodInvocationHelper.invokeMethod(MethodInvocationHelper.java:124)
at org.testng.internal.Invoker.invokeMethod(Invoker.java:580)
at org.testng.internal.Invoker.retryFailed(Invoker.java:838)
at org.testng.internal.Invoker.invokeTestMethods(Invoker.java:1009)
at org.testng.internal.TestMethodWorker.invokeTestMethods(TestMethodWorker.java:125)
at org.testng.internal.TestMethodWorker.run(TestMethodWorker.java:109)
at java.util.concurrent.ThreadPoolExecutor.runWorker(Unknown Source)
at java.util.concurrent.ThreadPoolExecutor$Worker.run(Unknown Source)
at java.lang.Thread.run(Unknown Source)
]]>
    </failure>
  </testcase> <!-- TC42246 -->
  <testcase name="TC42251" time="92.967" classname="MMTestCase.SmokeTestCasesUpdated"/>
  <testcase name="TC42403" time="71.809" classname="MMTestCase.SmokeTestCasesUpdated"/>
</testsuite> <!-- MMTestCase.SmokeTestCasesUpdated -->
